{"/home/antonino/SoftEng2/Solidarity-Purchasing-Group/server/src/app.js": {"path":"/home/antonino/SoftEng2/Solidarity-Purchasing-Group/server/src/app.js","statementMap":{"0":{"start":{"line":3,"column":0},"end":{"line":5,"column":3}},"1":{"start":{"line":6,"column":0},"end":{"line":6,"column":25}},"2":{"start":{"line":8,"column":11},"end":{"line":8,"column":30}},"3":{"start":{"line":10,"column":15},"end":{"line":10,"column":57}},"4":{"start":{"line":12,"column":14},"end":{"line":12,"column":55}},"5":{"start":{"line":14,"column":24},"end":{"line":14,"column":52}},"6":{"start":{"line":16,"column":11},"end":{"line":16,"column":51}},"7":{"start":{"line":18,"column":14},"end":{"line":18,"column":55}},"8":{"start":{"line":20,"column":15},"end":{"line":20,"column":36}},"9":{"start":{"line":22,"column":16},"end":{"line":22,"column":59}},"10":{"start":{"line":24,"column":22},"end":{"line":24,"column":72}},"11":{"start":{"line":26,"column":21},"end":{"line":26,"column":70}},"12":{"start":{"line":28,"column":39},"end":{"line":28,"column":93}},"13":{"start":{"line":31,"column":12},"end":{"line":31,"column":30}},"14":{"start":{"line":38,"column":0},"end":{"line":52,"column":4}},"15":{"start":{"line":42,"column":2},"end":{"line":51,"column":5}},"16":{"start":{"line":43,"column":4},"end":{"line":45,"column":7}},"17":{"start":{"line":43,"column":15},"end":{"line":45,"column":7}},"18":{"start":{"line":46,"column":4},"end":{"line":46,"column":28}},"19":{"start":{"line":48,"column":4},"end":{"line":50,"column":7}},"20":{"start":{"line":56,"column":0},"end":{"line":58,"column":3}},"21":{"start":{"line":57,"column":2},"end":{"line":57,"column":22}},"22":{"start":{"line":61,"column":0},"end":{"line":67,"column":3}},"23":{"start":{"line":62,"column":2},"end":{"line":66,"column":5}},"24":{"start":{"line":63,"column":4},"end":{"line":63,"column":21}},"25":{"start":{"line":65,"column":4},"end":{"line":65,"column":20}},"26":{"start":{"line":70,"column":19},"end":{"line":75,"column":1}},"27":{"start":{"line":71,"column":2},"end":{"line":71,"column":43}},"28":{"start":{"line":71,"column":29},"end":{"line":71,"column":43}},"29":{"start":{"line":72,"column":2},"end":{"line":74,"column":5}},"30":{"start":{"line":80,"column":12},"end":{"line":80,"column":34}},"31":{"start":{"line":82,"column":23},"end":{"line":91,"column":1}},"32":{"start":{"line":90,"column":2},"end":{"line":90,"column":41}},"33":{"start":{"line":93,"column":0},"end":{"line":93,"column":33}},"34":{"start":{"line":94,"column":0},"end":{"line":94,"column":37}},"35":{"start":{"line":96,"column":0},"end":{"line":101,"column":4}},"36":{"start":{"line":103,"column":0},"end":{"line":103,"column":40}},"37":{"start":{"line":104,"column":0},"end":{"line":104,"column":37}},"38":{"start":{"line":107,"column":0},"end":{"line":109,"column":3}},"39":{"start":{"line":108,"column":2},"end":{"line":108,"column":39}},"40":{"start":{"line":116,"column":0},"end":{"line":121,"column":3}},"41":{"start":{"line":117,"column":2},"end":{"line":120,"column":5}},"42":{"start":{"line":130,"column":0},"end":{"line":152,"column":3}},"43":{"start":{"line":131,"column":17},"end":{"line":131,"column":61}},"44":{"start":{"line":133,"column":2},"end":{"line":137,"column":3}},"45":{"start":{"line":134,"column":4},"end":{"line":136,"column":7}},"46":{"start":{"line":139,"column":15},"end":{"line":139,"column":28}},"47":{"start":{"line":141,"column":2},"end":{"line":151,"column":3}},"48":{"start":{"line":142,"column":4},"end":{"line":142,"column":18}},"49":{"start":{"line":143,"column":4},"end":{"line":146,"column":7}},"50":{"start":{"line":148,"column":4},"end":{"line":150,"column":7}},"51":{"start":{"line":154,"column":0},"end":{"line":156,"column":3}},"52":{"start":{"line":155,"column":2},"end":{"line":155,"column":99}},"53":{"start":{"line":155,"column":44},"end":{"line":155,"column":62}},"54":{"start":{"line":155,"column":76},"end":{"line":155,"column":97}},"55":{"start":{"line":158,"column":0},"end":{"line":160,"column":3}},"56":{"start":{"line":159,"column":2},"end":{"line":159,"column":96}},"57":{"start":{"line":159,"column":42},"end":{"line":159,"column":59}},"58":{"start":{"line":159,"column":73},"end":{"line":159,"column":94}},"59":{"start":{"line":170,"column":0},"end":{"line":194,"column":3}},"60":{"start":{"line":173,"column":17},"end":{"line":173,"column":61}},"61":{"start":{"line":175,"column":2},"end":{"line":179,"column":3}},"62":{"start":{"line":176,"column":4},"end":{"line":178,"column":7}},"63":{"start":{"line":184,"column":6},"end":{"line":184,"column":14}},"64":{"start":{"line":186,"column":2},"end":{"line":193,"column":3}},"65":{"start":{"line":187,"column":4},"end":{"line":187,"column":46}},"66":{"start":{"line":188,"column":4},"end":{"line":188,"column":26}},"67":{"start":{"line":190,"column":4},"end":{"line":192,"column":7}},"68":{"start":{"line":195,"column":0},"end":{"line":215,"column":3}},"69":{"start":{"line":198,"column":2},"end":{"line":202,"column":3}},"70":{"start":{"line":199,"column":4},"end":{"line":201,"column":5}},"71":{"start":{"line":200,"column":6},"end":{"line":200,"column":19}},"72":{"start":{"line":204,"column":2},"end":{"line":204,"column":14}},"73":{"start":{"line":206,"column":17},"end":{"line":206,"column":88}},"74":{"start":{"line":208,"column":2},"end":{"line":212,"column":3}},"75":{"start":{"line":209,"column":4},"end":{"line":211,"column":7}},"76":{"start":{"line":214,"column":2},"end":{"line":214,"column":94}},"77":{"start":{"line":214,"column":45},"end":{"line":214,"column":57}},"78":{"start":{"line":214,"column":71},"end":{"line":214,"column":92}},"79":{"start":{"line":218,"column":0},"end":{"line":223,"column":3}},"80":{"start":{"line":219,"column":15},"end":{"line":219,"column":23}},"81":{"start":{"line":220,"column":2},"end":{"line":222,"column":45}},"82":{"start":{"line":221,"column":4},"end":{"line":221,"column":14}},"83":{"start":{"line":222,"column":18},"end":{"line":222,"column":43}},"84":{"start":{"line":226,"column":0},"end":{"line":246,"column":3}},"85":{"start":{"line":227,"column":2},"end":{"line":245,"column":21}},"86":{"start":{"line":230,"column":4},"end":{"line":232,"column":5}},"87":{"start":{"line":231,"column":6},"end":{"line":231,"column":23}},"88":{"start":{"line":234,"column":4},"end":{"line":237,"column":5}},"89":{"start":{"line":236,"column":6},"end":{"line":236,"column":48}},"90":{"start":{"line":240,"column":4},"end":{"line":244,"column":7}},"91":{"start":{"line":241,"column":6},"end":{"line":241,"column":32}},"92":{"start":{"line":241,"column":15},"end":{"line":241,"column":32}},"93":{"start":{"line":243,"column":6},"end":{"line":243,"column":32}},"94":{"start":{"line":248,"column":0},"end":{"line":251,"column":3}},"95":{"start":{"line":249,"column":2},"end":{"line":249,"column":15}},"96":{"start":{"line":250,"column":2},"end":{"line":250,"column":12}},"97":{"start":{"line":253,"column":0},"end":{"line":259,"column":3}},"98":{"start":{"line":254,"column":2},"end":{"line":258,"column":5}},"99":{"start":{"line":255,"column":4},"end":{"line":255,"column":35}},"100":{"start":{"line":256,"column":9},"end":{"line":258,"column":5}},"101":{"start":{"line":262,"column":0},"end":{"line":285,"column":3}},"102":{"start":{"line":269,"column":17},"end":{"line":269,"column":61}},"103":{"start":{"line":271,"column":2},"end":{"line":275,"column":3}},"104":{"start":{"line":272,"column":4},"end":{"line":274,"column":7}},"105":{"start":{"line":277,"column":13},"end":{"line":281,"column":3}},"106":{"start":{"line":282,"column":2},"end":{"line":284,"column":40}},"107":{"start":{"line":283,"column":4},"end":{"line":283,"column":33}},"108":{"start":{"line":284,"column":17},"end":{"line":284,"column":38}},"109":{"start":{"line":289,"column":15},"end":{"line":289,"column":18}},"110":{"start":{"line":290,"column":0},"end":{"line":290,"column":27}}},"fnMap":{"0":{"name":"_interopRequireDefault","decl":{"start":{"line":28,"column":9},"end":{"line":28,"column":31}},"loc":{"start":{"line":28,"column":37},"end":{"line":28,"column":95}},"line":28},"1":{"name":"(anonymous_1)","decl":{"start":{"line":41,"column":3},"end":{"line":41,"column":4}},"loc":{"start":{"line":41,"column":39},"end":{"line":52,"column":1}},"line":41},"2":{"name":"(anonymous_2)","decl":{"start":{"line":42,"column":49},"end":{"line":42,"column":50}},"loc":{"start":{"line":42,"column":57},"end":{"line":47,"column":3}},"line":42},"3":{"name":"(anonymous_3)","decl":{"start":{"line":47,"column":11},"end":{"line":47,"column":12}},"loc":{"start":{"line":47,"column":18},"end":{"line":51,"column":3}},"line":47},"4":{"name":"(anonymous_4)","decl":{"start":{"line":56,"column":32},"end":{"line":56,"column":33}},"loc":{"start":{"line":56,"column":48},"end":{"line":58,"column":1}},"line":56},"5":{"name":"(anonymous_5)","decl":{"start":{"line":61,"column":34},"end":{"line":61,"column":35}},"loc":{"start":{"line":61,"column":48},"end":{"line":67,"column":1}},"line":61},"6":{"name":"(anonymous_6)","decl":{"start":{"line":62,"column":37},"end":{"line":62,"column":38}},"loc":{"start":{"line":62,"column":45},"end":{"line":64,"column":3}},"line":62},"7":{"name":"(anonymous_7)","decl":{"start":{"line":64,"column":11},"end":{"line":64,"column":12}},"loc":{"start":{"line":64,"column":18},"end":{"line":66,"column":3}},"line":64},"8":{"name":"(anonymous_8)","decl":{"start":{"line":70,"column":19},"end":{"line":70,"column":20}},"loc":{"start":{"line":70,"column":39},"end":{"line":75,"column":1}},"line":70},"9":{"name":"(anonymous_9)","decl":{"start":{"line":82,"column":23},"end":{"line":82,"column":24}},"loc":{"start":{"line":88,"column":6},"end":{"line":91,"column":1}},"line":88},"10":{"name":"(anonymous_10)","decl":{"start":{"line":107,"column":13},"end":{"line":107,"column":14}},"loc":{"start":{"line":107,"column":27},"end":{"line":109,"column":1}},"line":107},"11":{"name":"(anonymous_11)","decl":{"start":{"line":116,"column":21},"end":{"line":116,"column":22}},"loc":{"start":{"line":116,"column":33},"end":{"line":121,"column":1}},"line":116},"12":{"name":"(anonymous_12)","decl":{"start":{"line":130,"column":73},"end":{"line":130,"column":74}},"loc":{"start":{"line":130,"column":87},"end":{"line":152,"column":1}},"line":130},"13":{"name":"(anonymous_13)","decl":{"start":{"line":154,"column":25},"end":{"line":154,"column":26}},"loc":{"start":{"line":154,"column":39},"end":{"line":156,"column":1}},"line":154},"14":{"name":"(anonymous_14)","decl":{"start":{"line":155,"column":32},"end":{"line":155,"column":33}},"loc":{"start":{"line":155,"column":44},"end":{"line":155,"column":62}},"line":155},"15":{"name":"(anonymous_15)","decl":{"start":{"line":155,"column":70},"end":{"line":155,"column":71}},"loc":{"start":{"line":155,"column":76},"end":{"line":155,"column":97}},"line":155},"16":{"name":"(anonymous_16)","decl":{"start":{"line":158,"column":24},"end":{"line":158,"column":25}},"loc":{"start":{"line":158,"column":38},"end":{"line":160,"column":1}},"line":158},"17":{"name":"(anonymous_17)","decl":{"start":{"line":159,"column":31},"end":{"line":159,"column":32}},"loc":{"start":{"line":159,"column":42},"end":{"line":159,"column":59}},"line":159},"18":{"name":"(anonymous_18)","decl":{"start":{"line":159,"column":67},"end":{"line":159,"column":68}},"loc":{"start":{"line":159,"column":73},"end":{"line":159,"column":94}},"line":159},"19":{"name":"(anonymous_19)","decl":{"start":{"line":172,"column":4},"end":{"line":172,"column":5}},"loc":{"start":{"line":172,"column":24},"end":{"line":194,"column":1}},"line":172},"20":{"name":"(anonymous_20)","decl":{"start":{"line":195,"column":119},"end":{"line":195,"column":120}},"loc":{"start":{"line":197,"column":6},"end":{"line":205,"column":1}},"line":197},"21":{"name":"(anonymous_21)","decl":{"start":{"line":205,"column":4},"end":{"line":205,"column":5}},"loc":{"start":{"line":205,"column":18},"end":{"line":215,"column":1}},"line":205},"22":{"name":"(anonymous_22)","decl":{"start":{"line":214,"column":39},"end":{"line":214,"column":40}},"loc":{"start":{"line":214,"column":45},"end":{"line":214,"column":57}},"line":214},"23":{"name":"(anonymous_23)","decl":{"start":{"line":214,"column":65},"end":{"line":214,"column":66}},"loc":{"start":{"line":214,"column":71},"end":{"line":214,"column":92}},"line":214},"24":{"name":"(anonymous_24)","decl":{"start":{"line":218,"column":31},"end":{"line":218,"column":32}},"loc":{"start":{"line":218,"column":51},"end":{"line":223,"column":1}},"line":218},"25":{"name":"(anonymous_25)","decl":{"start":{"line":220,"column":142},"end":{"line":220,"column":143}},"loc":{"start":{"line":220,"column":152},"end":{"line":222,"column":3}},"line":220},"26":{"name":"(anonymous_26)","decl":{"start":{"line":222,"column":11},"end":{"line":222,"column":12}},"loc":{"start":{"line":222,"column":18},"end":{"line":222,"column":43}},"line":222},"27":{"name":"(anonymous_27)","decl":{"start":{"line":226,"column":26},"end":{"line":226,"column":27}},"loc":{"start":{"line":226,"column":52},"end":{"line":246,"column":1}},"line":226},"28":{"name":"(anonymous_28)","decl":{"start":{"line":229,"column":5},"end":{"line":229,"column":6}},"loc":{"start":{"line":229,"column":26},"end":{"line":245,"column":3}},"line":229},"29":{"name":"(anonymous_29)","decl":{"start":{"line":240,"column":20},"end":{"line":240,"column":21}},"loc":{"start":{"line":240,"column":27},"end":{"line":244,"column":5}},"line":240},"30":{"name":"(anonymous_30)","decl":{"start":{"line":248,"column":36},"end":{"line":248,"column":37}},"loc":{"start":{"line":248,"column":50},"end":{"line":251,"column":1}},"line":248},"31":{"name":"(anonymous_31)","decl":{"start":{"line":253,"column":33},"end":{"line":253,"column":34}},"loc":{"start":{"line":253,"column":47},"end":{"line":259,"column":1}},"line":253},"32":{"name":"(anonymous_32)","decl":{"start":{"line":268,"column":5},"end":{"line":268,"column":6}},"loc":{"start":{"line":268,"column":19},"end":{"line":285,"column":1}},"line":268},"33":{"name":"(anonymous_33)","decl":{"start":{"line":282,"column":43},"end":{"line":282,"column":44}},"loc":{"start":{"line":282,"column":50},"end":{"line":284,"column":3}},"line":282},"34":{"name":"(anonymous_34)","decl":{"start":{"line":284,"column":11},"end":{"line":284,"column":12}},"loc":{"start":{"line":284,"column":17},"end":{"line":284,"column":38}},"line":284}},"branchMap":{"0":{"loc":{"start":{"line":28,"column":46},"end":{"line":28,"column":92}},"type":"cond-expr","locations":[{"start":{"line":28,"column":70},"end":{"line":28,"column":73}},{"start":{"line":28,"column":76},"end":{"line":28,"column":92}}],"line":28},"1":{"loc":{"start":{"line":28,"column":46},"end":{"line":28,"column":67}},"type":"binary-expr","locations":[{"start":{"line":28,"column":46},"end":{"line":28,"column":49}},{"start":{"line":28,"column":53},"end":{"line":28,"column":67}}],"line":28},"2":{"loc":{"start":{"line":43,"column":4},"end":{"line":45,"column":7}},"type":"if","locations":[{"start":{"line":43,"column":4},"end":{"line":45,"column":7}},{"start":{},"end":{}}],"line":43},"3":{"loc":{"start":{"line":71,"column":2},"end":{"line":71,"column":43}},"type":"if","locations":[{"start":{"line":71,"column":2},"end":{"line":71,"column":43}},{"start":{},"end":{}}],"line":71},"4":{"loc":{"start":{"line":133,"column":2},"end":{"line":137,"column":3}},"type":"if","locations":[{"start":{"line":133,"column":2},"end":{"line":137,"column":3}},{"start":{},"end":{}}],"line":133},"5":{"loc":{"start":{"line":175,"column":2},"end":{"line":179,"column":3}},"type":"if","locations":[{"start":{"line":175,"column":2},"end":{"line":179,"column":3}},{"start":{},"end":{}}],"line":175},"6":{"loc":{"start":{"line":199,"column":4},"end":{"line":201,"column":5}},"type":"if","locations":[{"start":{"line":199,"column":4},"end":{"line":201,"column":5}},{"start":{},"end":{}}],"line":199},"7":{"loc":{"start":{"line":199,"column":8},"end":{"line":199,"column":104}},"type":"binary-expr","locations":[{"start":{"line":199,"column":8},"end":{"line":199,"column":37}},{"start":{"line":199,"column":41},"end":{"line":199,"column":77}},{"start":{"line":199,"column":81},"end":{"line":199,"column":104}}],"line":199},"8":{"loc":{"start":{"line":208,"column":2},"end":{"line":212,"column":3}},"type":"if","locations":[{"start":{"line":208,"column":2},"end":{"line":212,"column":3}},{"start":{},"end":{}}],"line":208},"9":{"loc":{"start":{"line":230,"column":4},"end":{"line":232,"column":5}},"type":"if","locations":[{"start":{"line":230,"column":4},"end":{"line":232,"column":5}},{"start":{},"end":{}}],"line":230},"10":{"loc":{"start":{"line":234,"column":4},"end":{"line":237,"column":5}},"type":"if","locations":[{"start":{"line":234,"column":4},"end":{"line":237,"column":5}},{"start":{},"end":{}}],"line":234},"11":{"loc":{"start":{"line":241,"column":6},"end":{"line":241,"column":32}},"type":"if","locations":[{"start":{"line":241,"column":6},"end":{"line":241,"column":32}},{"start":{},"end":{}}],"line":241},"12":{"loc":{"start":{"line":254,"column":2},"end":{"line":258,"column":5}},"type":"if","locations":[{"start":{"line":254,"column":2},"end":{"line":258,"column":5}},{"start":{"line":256,"column":9},"end":{"line":258,"column":5}}],"line":254},"13":{"loc":{"start":{"line":271,"column":2},"end":{"line":275,"column":3}},"type":"if","locations":[{"start":{"line":271,"column":2},"end":{"line":275,"column":3}},{"start":{},"end":{}}],"line":271}},"s":{"0":2,"1":2,"2":2,"3":2,"4":2,"5":2,"6":2,"7":2,"8":2,"9":2,"10":2,"11":2,"12":14,"13":2,"14":2,"15":4,"16":2,"17":0,"18":2,"19":2,"20":2,"21":2,"22":2,"23":0,"24":0,"25":0,"26":2,"27":0,"28":0,"29":0,"30":2,"31":2,"32":0,"33":2,"34":2,"35":2,"36":2,"37":2,"38":2,"39":1,"40":2,"41":1,"42":2,"43":2,"44":2,"45":1,"46":1,"47":1,"48":1,"49":1,"50":0,"51":2,"52":2,"53":2,"54":0,"55":2,"56":2,"57":2,"58":0,"59":2,"60":3,"61":3,"62":2,"63":1,"64":1,"65":1,"66":1,"67":0,"68":2,"69":1,"70":1,"71":0,"72":1,"73":1,"74":1,"75":0,"76":1,"77":1,"78":0,"79":2,"80":0,"81":0,"82":0,"83":0,"84":2,"85":4,"86":4,"87":0,"88":4,"89":2,"90":2,"91":2,"92":0,"93":2,"94":2,"95":2,"96":2,"97":2,"98":1,"99":0,"100":1,"101":2,"102":1,"103":1,"104":0,"105":1,"106":1,"107":1,"108":0,"109":2,"110":2},"f":{"0":14,"1":4,"2":2,"3":2,"4":2,"5":0,"6":0,"7":0,"8":0,"9":0,"10":1,"11":1,"12":2,"13":2,"14":2,"15":0,"16":2,"17":2,"18":0,"19":3,"20":1,"21":1,"22":1,"23":0,"24":0,"25":0,"26":0,"27":4,"28":4,"29":2,"30":2,"31":1,"32":1,"33":1,"34":0},"b":{"0":[2,12],"1":[14,14],"2":[0,2],"3":[0,0],"4":[1,1],"5":[2,1],"6":[0,1],"7":[1,1,1],"8":[0,1],"9":[0,4],"10":[2,2],"11":[0,2],"12":[0,1],"13":[0,1]},"inputSourceMap":null,"_coverageSchema":"1a1c01bbd47fc00a2c39e90264f33305004495a9","hash":"9dd7bee41266f21f40f05dbeda5c45f2fa15be3c"}
,"/home/antonino/SoftEng2/Solidarity-Purchasing-Group/server/src/dao.js": {"path":"/home/antonino/SoftEng2/Solidarity-Purchasing-Group/server/src/dao.js","statementMap":{"0":{"start":{"line":3,"column":0},"end":{"line":5,"column":3}},"1":{"start":{"line":6,"column":0},"end":{"line":6,"column":36}},"2":{"start":{"line":7,"column":0},"end":{"line":7,"column":34}},"3":{"start":{"line":8,"column":0},"end":{"line":8,"column":34}},"4":{"start":{"line":9,"column":0},"end":{"line":9,"column":36}},"5":{"start":{"line":10,"column":0},"end":{"line":10,"column":50}},"6":{"start":{"line":12,"column":10},"end":{"line":12,"column":52}},"7":{"start":{"line":14,"column":13},"end":{"line":14,"column":53}},"8":{"start":{"line":16,"column":39},"end":{"line":16,"column":93}},"9":{"start":{"line":19,"column":2},"end":{"line":42,"column":5}},"10":{"start":{"line":20,"column":16},"end":{"line":23,"column":57}},"11":{"start":{"line":25,"column":4},"end":{"line":41,"column":7}},"12":{"start":{"line":26,"column":6},"end":{"line":29,"column":7}},"13":{"start":{"line":27,"column":8},"end":{"line":27,"column":20}},"14":{"start":{"line":28,"column":8},"end":{"line":28,"column":15}},"15":{"start":{"line":31,"column":23},"end":{"line":39,"column":9}},"16":{"start":{"line":31,"column":38},"end":{"line":39,"column":7}},"17":{"start":{"line":40,"column":6},"end":{"line":40,"column":24}},"18":{"start":{"line":46,"column":2},"end":{"line":67,"column":5}},"19":{"start":{"line":47,"column":16},"end":{"line":48,"column":35}},"20":{"start":{"line":50,"column":4},"end":{"line":66,"column":7}},"21":{"start":{"line":51,"column":6},"end":{"line":54,"column":7}},"22":{"start":{"line":52,"column":8},"end":{"line":52,"column":20}},"23":{"start":{"line":53,"column":8},"end":{"line":53,"column":15}},"24":{"start":{"line":56,"column":22},"end":{"line":64,"column":9}},"25":{"start":{"line":56,"column":37},"end":{"line":64,"column":7}},"26":{"start":{"line":65,"column":6},"end":{"line":65,"column":23}},"27":{"start":{"line":78,"column":2},"end":{"line":84,"column":5}},"28":{"start":{"line":79,"column":16},"end":{"line":79,"column":70}},"29":{"start":{"line":81,"column":4},"end":{"line":83,"column":7}},"30":{"start":{"line":82,"column":6},"end":{"line":82,"column":40}},"31":{"start":{"line":88,"column":2},"end":{"line":124,"column":5}},"32":{"start":{"line":89,"column":16},"end":{"line":89,"column":78}},"33":{"start":{"line":91,"column":4},"end":{"line":123,"column":7}},"34":{"start":{"line":92,"column":20},"end":{"line":92,"column":31}},"35":{"start":{"line":94,"column":6},"end":{"line":97,"column":7}},"36":{"start":{"line":95,"column":8},"end":{"line":95,"column":20}},"37":{"start":{"line":96,"column":8},"end":{"line":96,"column":15}},"38":{"start":{"line":99,"column":6},"end":{"line":122,"column":9}},"39":{"start":{"line":100,"column":20},"end":{"line":100,"column":98}},"40":{"start":{"line":102,"column":8},"end":{"line":121,"column":11}},"41":{"start":{"line":103,"column":10},"end":{"line":106,"column":11}},"42":{"start":{"line":104,"column":12},"end":{"line":104,"column":24}},"43":{"start":{"line":105,"column":12},"end":{"line":105,"column":19}},"44":{"start":{"line":108,"column":22},"end":{"line":108,"column":73}},"45":{"start":{"line":110,"column":10},"end":{"line":120,"column":13}},"46":{"start":{"line":111,"column":12},"end":{"line":114,"column":13}},"47":{"start":{"line":112,"column":14},"end":{"line":112,"column":26}},"48":{"start":{"line":113,"column":14},"end":{"line":113,"column":21}},"49":{"start":{"line":116,"column":12},"end":{"line":119,"column":13}},"50":{"start":{"line":118,"column":14},"end":{"line":118,"column":31}},"51":{"start":{"line":128,"column":2},"end":{"line":156,"column":5}},"52":{"start":{"line":129,"column":24},"end":{"line":129,"column":128}},"53":{"start":{"line":130,"column":22},"end":{"line":130,"column":85}},"54":{"start":{"line":133,"column":4},"end":{"line":155,"column":7}},"55":{"start":{"line":134,"column":17},"end":{"line":134,"column":47}},"56":{"start":{"line":136,"column":6},"end":{"line":154,"column":9}},"57":{"start":{"line":137,"column":8},"end":{"line":139,"column":9}},"58":{"start":{"line":138,"column":10},"end":{"line":138,"column":22}},"59":{"start":{"line":141,"column":8},"end":{"line":141,"column":29}},"60":{"start":{"line":143,"column":8},"end":{"line":151,"column":11}},"61":{"start":{"line":144,"column":23},"end":{"line":144,"column":55}},"62":{"start":{"line":146,"column":10},"end":{"line":150,"column":13}},"63":{"start":{"line":147,"column":12},"end":{"line":149,"column":13}},"64":{"start":{"line":148,"column":14},"end":{"line":148,"column":26}},"65":{"start":{"line":153,"column":8},"end":{"line":153,"column":29}}},"fnMap":{"0":{"name":"_interopRequireDefault","decl":{"start":{"line":16,"column":9},"end":{"line":16,"column":31}},"loc":{"start":{"line":16,"column":37},"end":{"line":16,"column":95}},"line":16},"1":{"name":"listProducts","decl":{"start":{"line":18,"column":9},"end":{"line":18,"column":21}},"loc":{"start":{"line":18,"column":24},"end":{"line":43,"column":1}},"line":18},"2":{"name":"(anonymous_2)","decl":{"start":{"line":19,"column":21},"end":{"line":19,"column":22}},"loc":{"start":{"line":19,"column":42},"end":{"line":42,"column":3}},"line":19},"3":{"name":"(anonymous_3)","decl":{"start":{"line":25,"column":29},"end":{"line":25,"column":30}},"loc":{"start":{"line":25,"column":44},"end":{"line":41,"column":5}},"line":25},"4":{"name":"(anonymous_4)","decl":{"start":{"line":31,"column":32},"end":{"line":31,"column":33}},"loc":{"start":{"line":31,"column":38},"end":{"line":39,"column":7}},"line":31},"5":{"name":"listClients","decl":{"start":{"line":45,"column":9},"end":{"line":45,"column":20}},"loc":{"start":{"line":45,"column":23},"end":{"line":68,"column":1}},"line":45},"6":{"name":"(anonymous_6)","decl":{"start":{"line":46,"column":21},"end":{"line":46,"column":22}},"loc":{"start":{"line":46,"column":42},"end":{"line":67,"column":3}},"line":46},"7":{"name":"(anonymous_7)","decl":{"start":{"line":50,"column":29},"end":{"line":50,"column":30}},"loc":{"start":{"line":50,"column":44},"end":{"line":66,"column":5}},"line":50},"8":{"name":"(anonymous_8)","decl":{"start":{"line":56,"column":31},"end":{"line":56,"column":32}},"loc":{"start":{"line":56,"column":37},"end":{"line":64,"column":7}},"line":56},"9":{"name":"updateClientBalance","decl":{"start":{"line":77,"column":9},"end":{"line":77,"column":28}},"loc":{"start":{"line":77,"column":41},"end":{"line":85,"column":1}},"line":77},"10":{"name":"(anonymous_10)","decl":{"start":{"line":78,"column":21},"end":{"line":78,"column":22}},"loc":{"start":{"line":78,"column":42},"end":{"line":84,"column":3}},"line":78},"11":{"name":"(anonymous_11)","decl":{"start":{"line":81,"column":39},"end":{"line":81,"column":40}},"loc":{"start":{"line":81,"column":46},"end":{"line":83,"column":5}},"line":81},"12":{"name":"insertOrder","decl":{"start":{"line":87,"column":9},"end":{"line":87,"column":20}},"loc":{"start":{"line":87,"column":34},"end":{"line":125,"column":1}},"line":87},"13":{"name":"(anonymous_13)","decl":{"start":{"line":88,"column":21},"end":{"line":88,"column":22}},"loc":{"start":{"line":88,"column":42},"end":{"line":124,"column":3}},"line":88},"14":{"name":"(anonymous_14)","decl":{"start":{"line":91,"column":112},"end":{"line":91,"column":113}},"loc":{"start":{"line":91,"column":127},"end":{"line":123,"column":5}},"line":91},"15":{"name":"(anonymous_15)","decl":{"start":{"line":99,"column":28},"end":{"line":99,"column":29}},"loc":{"start":{"line":99,"column":48},"end":{"line":122,"column":7}},"line":99},"16":{"name":"(anonymous_16)","decl":{"start":{"line":102,"column":70},"end":{"line":102,"column":71}},"loc":{"start":{"line":102,"column":85},"end":{"line":121,"column":9}},"line":102},"17":{"name":"(anonymous_17)","decl":{"start":{"line":110,"column":63},"end":{"line":110,"column":64}},"loc":{"start":{"line":110,"column":78},"end":{"line":120,"column":11}},"line":110},"18":{"name":"insertClient","decl":{"start":{"line":127,"column":9},"end":{"line":127,"column":21}},"loc":{"start":{"line":127,"column":109},"end":{"line":157,"column":1}},"line":127},"19":{"name":"(anonymous_19)","decl":{"start":{"line":128,"column":21},"end":{"line":128,"column":22}},"loc":{"start":{"line":128,"column":42},"end":{"line":156,"column":3}},"line":128},"20":{"name":"(anonymous_20)","decl":{"start":{"line":133,"column":26},"end":{"line":133,"column":27}},"loc":{"start":{"line":133,"column":32},"end":{"line":155,"column":5}},"line":133},"21":{"name":"(anonymous_21)","decl":{"start":{"line":136,"column":43},"end":{"line":136,"column":44}},"loc":{"start":{"line":136,"column":58},"end":{"line":154,"column":7}},"line":136},"22":{"name":"(anonymous_22)","decl":{"start":{"line":143,"column":30},"end":{"line":143,"column":31}},"loc":{"start":{"line":143,"column":36},"end":{"line":151,"column":9}},"line":143},"23":{"name":"(anonymous_23)","decl":{"start":{"line":146,"column":77},"end":{"line":146,"column":78}},"loc":{"start":{"line":146,"column":84},"end":{"line":150,"column":11}},"line":146}},"branchMap":{"0":{"loc":{"start":{"line":16,"column":46},"end":{"line":16,"column":92}},"type":"cond-expr","locations":[{"start":{"line":16,"column":70},"end":{"line":16,"column":73}},{"start":{"line":16,"column":76},"end":{"line":16,"column":92}}],"line":16},"1":{"loc":{"start":{"line":16,"column":46},"end":{"line":16,"column":67}},"type":"binary-expr","locations":[{"start":{"line":16,"column":46},"end":{"line":16,"column":49}},{"start":{"line":16,"column":53},"end":{"line":16,"column":67}}],"line":16},"2":{"loc":{"start":{"line":26,"column":6},"end":{"line":29,"column":7}},"type":"if","locations":[{"start":{"line":26,"column":6},"end":{"line":29,"column":7}},{"start":{},"end":{}}],"line":26},"3":{"loc":{"start":{"line":51,"column":6},"end":{"line":54,"column":7}},"type":"if","locations":[{"start":{"line":51,"column":6},"end":{"line":54,"column":7}},{"start":{},"end":{}}],"line":51},"4":{"loc":{"start":{"line":82,"column":6},"end":{"line":82,"column":39}},"type":"cond-expr","locations":[{"start":{"line":82,"column":12},"end":{"line":82,"column":23}},{"start":{"line":82,"column":26},"end":{"line":82,"column":39}}],"line":82},"5":{"loc":{"start":{"line":94,"column":6},"end":{"line":97,"column":7}},"type":"if","locations":[{"start":{"line":94,"column":6},"end":{"line":97,"column":7}},{"start":{},"end":{}}],"line":94},"6":{"loc":{"start":{"line":103,"column":10},"end":{"line":106,"column":11}},"type":"if","locations":[{"start":{"line":103,"column":10},"end":{"line":106,"column":11}},{"start":{},"end":{}}],"line":103},"7":{"loc":{"start":{"line":111,"column":12},"end":{"line":114,"column":13}},"type":"if","locations":[{"start":{"line":111,"column":12},"end":{"line":114,"column":13}},{"start":{},"end":{}}],"line":111},"8":{"loc":{"start":{"line":116,"column":12},"end":{"line":119,"column":13}},"type":"if","locations":[{"start":{"line":116,"column":12},"end":{"line":119,"column":13}},{"start":{},"end":{}}],"line":116},"9":{"loc":{"start":{"line":127,"column":59},"end":{"line":127,"column":70}},"type":"default-arg","locations":[{"start":{"line":127,"column":69},"end":{"line":127,"column":70}}],"line":127},"10":{"loc":{"start":{"line":127,"column":92},"end":{"line":127,"column":107}},"type":"default-arg","locations":[{"start":{"line":127,"column":99},"end":{"line":127,"column":107}}],"line":127},"11":{"loc":{"start":{"line":137,"column":8},"end":{"line":139,"column":9}},"type":"if","locations":[{"start":{"line":137,"column":8},"end":{"line":139,"column":9}},{"start":{},"end":{}}],"line":137},"12":{"loc":{"start":{"line":147,"column":12},"end":{"line":149,"column":13}},"type":"if","locations":[{"start":{"line":147,"column":12},"end":{"line":149,"column":13}},{"start":{},"end":{}}],"line":147}},"s":{"0":2,"1":2,"2":2,"3":2,"4":2,"5":2,"6":2,"7":2,"8":4,"9":2,"10":2,"11":2,"12":2,"13":0,"14":0,"15":2,"16":100,"17":2,"18":2,"19":2,"20":2,"21":2,"22":0,"23":0,"24":2,"25":0,"26":2,"27":1,"28":1,"29":1,"30":1,"31":1,"32":1,"33":1,"34":1,"35":1,"36":0,"37":0,"38":1,"39":1,"40":1,"41":1,"42":0,"43":0,"44":1,"45":1,"46":1,"47":0,"48":0,"49":1,"50":1,"51":0,"52":0,"53":0,"54":0,"55":0,"56":0,"57":0,"58":0,"59":0,"60":0,"61":0,"62":0,"63":0,"64":0,"65":0},"f":{"0":4,"1":2,"2":2,"3":2,"4":100,"5":2,"6":2,"7":2,"8":0,"9":1,"10":1,"11":1,"12":1,"13":1,"14":1,"15":1,"16":1,"17":1,"18":0,"19":0,"20":0,"21":0,"22":0,"23":0},"b":{"0":[2,2],"1":[4,4],"2":[0,2],"3":[0,2],"4":[0,1],"5":[0,1],"6":[0,1],"7":[0,1],"8":[1,0],"9":[0],"10":[0],"11":[0,0],"12":[0,0]},"inputSourceMap":null,"_coverageSchema":"1a1c01bbd47fc00a2c39e90264f33305004495a9","hash":"898a94af1cec112fef6e64e7f05789fd7d3f94c5"}
,"/home/antonino/SoftEng2/Solidarity-Purchasing-Group/server/src/db.js": {"path":"/home/antonino/SoftEng2/Solidarity-Purchasing-Group/server/src/db.js","statementMap":{"0":{"start":{"line":3,"column":0},"end":{"line":5,"column":3}},"1":{"start":{"line":6,"column":0},"end":{"line":6,"column":25}},"2":{"start":{"line":8,"column":14},"end":{"line":8,"column":56}},"3":{"start":{"line":10,"column":39},"end":{"line":10,"column":93}},"4":{"start":{"line":13,"column":11},"end":{"line":15,"column":2}},"5":{"start":{"line":14,"column":2},"end":{"line":14,"column":21}},"6":{"start":{"line":14,"column":11},"end":{"line":14,"column":21}},"7":{"start":{"line":16,"column":15},"end":{"line":16,"column":17}},"8":{"start":{"line":17,"column":0},"end":{"line":17,"column":27}}},"fnMap":{"0":{"name":"_interopRequireDefault","decl":{"start":{"line":10,"column":9},"end":{"line":10,"column":31}},"loc":{"start":{"line":10,"column":37},"end":{"line":10,"column":95}},"line":10},"1":{"name":"(anonymous_1)","decl":{"start":{"line":13,"column":55},"end":{"line":13,"column":56}},"loc":{"start":{"line":13,"column":62},"end":{"line":15,"column":1}},"line":13}},"branchMap":{"0":{"loc":{"start":{"line":10,"column":46},"end":{"line":10,"column":92}},"type":"cond-expr","locations":[{"start":{"line":10,"column":70},"end":{"line":10,"column":73}},{"start":{"line":10,"column":76},"end":{"line":10,"column":92}}],"line":10},"1":{"loc":{"start":{"line":10,"column":46},"end":{"line":10,"column":67}},"type":"binary-expr","locations":[{"start":{"line":10,"column":46},"end":{"line":10,"column":49}},{"start":{"line":10,"column":53},"end":{"line":10,"column":67}}],"line":10},"2":{"loc":{"start":{"line":14,"column":2},"end":{"line":14,"column":21}},"type":"if","locations":[{"start":{"line":14,"column":2},"end":{"line":14,"column":21}},{"start":{},"end":{}}],"line":14}},"s":{"0":2,"1":2,"2":2,"3":2,"4":2,"5":2,"6":0,"7":2,"8":2},"f":{"0":2,"1":2},"b":{"0":[0,2],"1":[2,2],"2":[0,2]},"inputSourceMap":null,"_coverageSchema":"1a1c01bbd47fc00a2c39e90264f33305004495a9","hash":"e816b96b0593119b4332240fd93905e8f20902b6"}
,"/home/antonino/SoftEng2/Solidarity-Purchasing-Group/server/src/user-dao.js": {"path":"/home/antonino/SoftEng2/Solidarity-Purchasing-Group/server/src/user-dao.js","statementMap":{"0":{"start":{"line":3,"column":0},"end":{"line":5,"column":3}},"1":{"start":{"line":6,"column":0},"end":{"line":6,"column":26}},"2":{"start":{"line":7,"column":0},"end":{"line":7,"column":34}},"3":{"start":{"line":8,"column":0},"end":{"line":8,"column":42}},"4":{"start":{"line":9,"column":0},"end":{"line":9,"column":42}},"5":{"start":{"line":11,"column":10},"end":{"line":11,"column":52}},"6":{"start":{"line":13,"column":14},"end":{"line":13,"column":55}},"7":{"start":{"line":15,"column":39},"end":{"line":15,"column":93}},"8":{"start":{"line":17,"column":19},"end":{"line":17,"column":21}},"9":{"start":{"line":20,"column":2},"end":{"line":55,"column":5}},"10":{"start":{"line":21,"column":16},"end":{"line":21,"column":54}},"11":{"start":{"line":23,"column":4},"end":{"line":54,"column":7}},"12":{"start":{"line":24,"column":6},"end":{"line":29,"column":7}},"13":{"start":{"line":25,"column":8},"end":{"line":27,"column":11}},"14":{"start":{"line":28,"column":8},"end":{"line":28,"column":15}},"15":{"start":{"line":31,"column":6},"end":{"line":53,"column":7}},"16":{"start":{"line":32,"column":8},"end":{"line":32,"column":23}},"17":{"start":{"line":34,"column":8},"end":{"line":52,"column":11}},"18":{"start":{"line":35,"column":10},"end":{"line":38,"column":11}},"19":{"start":{"line":36,"column":12},"end":{"line":36,"column":24}},"20":{"start":{"line":37,"column":12},"end":{"line":37,"column":19}},"21":{"start":{"line":40,"column":10},"end":{"line":51,"column":11}},"22":{"start":{"line":41,"column":25},"end":{"line":45,"column":13}},"23":{"start":{"line":46,"column":12},"end":{"line":46,"column":26}},"24":{"start":{"line":48,"column":12},"end":{"line":50,"column":15}},"25":{"start":{"line":60,"column":2},"end":{"line":80,"column":5}},"26":{"start":{"line":61,"column":16},"end":{"line":61,"column":48}},"27":{"start":{"line":63,"column":4},"end":{"line":79,"column":7}},"28":{"start":{"line":64,"column":6},"end":{"line":67,"column":7}},"29":{"start":{"line":65,"column":8},"end":{"line":65,"column":20}},"30":{"start":{"line":66,"column":8},"end":{"line":66,"column":15}},"31":{"start":{"line":69,"column":6},"end":{"line":78,"column":7}},"32":{"start":{"line":70,"column":8},"end":{"line":70,"column":23}},"33":{"start":{"line":72,"column":21},"end":{"line":76,"column":9}},"34":{"start":{"line":77,"column":8},"end":{"line":77,"column":22}},"35":{"start":{"line":86,"column":2},"end":{"line":107,"column":5}},"36":{"start":{"line":87,"column":4},"end":{"line":106,"column":7}},"37":{"start":{"line":88,"column":6},"end":{"line":91,"column":7}},"38":{"start":{"line":89,"column":8},"end":{"line":89,"column":20}},"39":{"start":{"line":90,"column":8},"end":{"line":90,"column":15}},"40":{"start":{"line":93,"column":18},"end":{"line":96,"column":17}},"41":{"start":{"line":98,"column":6},"end":{"line":105,"column":9}},"42":{"start":{"line":99,"column":8},"end":{"line":102,"column":9}},"43":{"start":{"line":100,"column":10},"end":{"line":100,"column":22}},"44":{"start":{"line":101,"column":10},"end":{"line":101,"column":17}},"45":{"start":{"line":104,"column":8},"end":{"line":104,"column":18}},"46":{"start":{"line":114,"column":2},"end":{"line":127,"column":5}},"47":{"start":{"line":115,"column":16},"end":{"line":117,"column":13}},"48":{"start":{"line":119,"column":4},"end":{"line":126,"column":7}},"49":{"start":{"line":120,"column":6},"end":{"line":123,"column":7}},"50":{"start":{"line":121,"column":8},"end":{"line":121,"column":20}},"51":{"start":{"line":122,"column":8},"end":{"line":122,"column":15}},"52":{"start":{"line":125,"column":6},"end":{"line":125,"column":16}}},"fnMap":{"0":{"name":"_interopRequireDefault","decl":{"start":{"line":15,"column":9},"end":{"line":15,"column":31}},"loc":{"start":{"line":15,"column":37},"end":{"line":15,"column":95}},"line":15},"1":{"name":"getUser","decl":{"start":{"line":19,"column":9},"end":{"line":19,"column":16}},"loc":{"start":{"line":19,"column":37},"end":{"line":56,"column":1}},"line":19},"2":{"name":"(anonymous_2)","decl":{"start":{"line":20,"column":21},"end":{"line":20,"column":22}},"loc":{"start":{"line":20,"column":42},"end":{"line":55,"column":3}},"line":20},"3":{"name":"(anonymous_3)","decl":{"start":{"line":23,"column":37},"end":{"line":23,"column":38}},"loc":{"start":{"line":23,"column":51},"end":{"line":54,"column":5}},"line":23},"4":{"name":"(anonymous_4)","decl":{"start":{"line":34,"column":56},"end":{"line":34,"column":57}},"loc":{"start":{"line":34,"column":71},"end":{"line":52,"column":9}},"line":34},"5":{"name":"getUserById","decl":{"start":{"line":59,"column":9},"end":{"line":59,"column":20}},"loc":{"start":{"line":59,"column":25},"end":{"line":81,"column":1}},"line":59},"6":{"name":"(anonymous_6)","decl":{"start":{"line":60,"column":21},"end":{"line":60,"column":22}},"loc":{"start":{"line":60,"column":42},"end":{"line":80,"column":3}},"line":60},"7":{"name":"(anonymous_7)","decl":{"start":{"line":63,"column":31},"end":{"line":63,"column":32}},"loc":{"start":{"line":63,"column":45},"end":{"line":79,"column":5}},"line":63},"8":{"name":"test_createUser","decl":{"start":{"line":85,"column":9},"end":{"line":85,"column":24}},"loc":{"start":{"line":85,"column":31},"end":{"line":108,"column":1}},"line":85},"9":{"name":"(anonymous_9)","decl":{"start":{"line":86,"column":21},"end":{"line":86,"column":22}},"loc":{"start":{"line":86,"column":42},"end":{"line":107,"column":3}},"line":86},"10":{"name":"(anonymous_10)","decl":{"start":{"line":87,"column":52},"end":{"line":87,"column":53}},"loc":{"start":{"line":87,"column":67},"end":{"line":106,"column":5}},"line":87},"11":{"name":"(anonymous_11)","decl":{"start":{"line":98,"column":61},"end":{"line":98,"column":62}},"loc":{"start":{"line":98,"column":76},"end":{"line":105,"column":7}},"line":98},"12":{"name":"test_removeUser","decl":{"start":{"line":113,"column":9},"end":{"line":113,"column":24}},"loc":{"start":{"line":113,"column":35},"end":{"line":128,"column":1}},"line":113},"13":{"name":"(anonymous_13)","decl":{"start":{"line":114,"column":21},"end":{"line":114,"column":22}},"loc":{"start":{"line":114,"column":42},"end":{"line":127,"column":3}},"line":114},"14":{"name":"(anonymous_14)","decl":{"start":{"line":119,"column":37},"end":{"line":119,"column":38}},"loc":{"start":{"line":119,"column":52},"end":{"line":126,"column":5}},"line":119}},"branchMap":{"0":{"loc":{"start":{"line":15,"column":46},"end":{"line":15,"column":92}},"type":"cond-expr","locations":[{"start":{"line":15,"column":70},"end":{"line":15,"column":73}},{"start":{"line":15,"column":76},"end":{"line":15,"column":92}}],"line":15},"1":{"loc":{"start":{"line":15,"column":46},"end":{"line":15,"column":67}},"type":"binary-expr","locations":[{"start":{"line":15,"column":46},"end":{"line":15,"column":49}},{"start":{"line":15,"column":53},"end":{"line":15,"column":67}}],"line":15},"2":{"loc":{"start":{"line":24,"column":6},"end":{"line":29,"column":7}},"type":"if","locations":[{"start":{"line":24,"column":6},"end":{"line":29,"column":7}},{"start":{},"end":{}}],"line":24},"3":{"loc":{"start":{"line":31,"column":6},"end":{"line":53,"column":7}},"type":"if","locations":[{"start":{"line":31,"column":6},"end":{"line":53,"column":7}},{"start":{"line":33,"column":13},"end":{"line":53,"column":7}}],"line":31},"4":{"loc":{"start":{"line":35,"column":10},"end":{"line":38,"column":11}},"type":"if","locations":[{"start":{"line":35,"column":10},"end":{"line":38,"column":11}},{"start":{},"end":{}}],"line":35},"5":{"loc":{"start":{"line":40,"column":10},"end":{"line":51,"column":11}},"type":"if","locations":[{"start":{"line":40,"column":10},"end":{"line":51,"column":11}},{"start":{"line":47,"column":17},"end":{"line":51,"column":11}}],"line":40},"6":{"loc":{"start":{"line":64,"column":6},"end":{"line":67,"column":7}},"type":"if","locations":[{"start":{"line":64,"column":6},"end":{"line":67,"column":7}},{"start":{},"end":{}}],"line":64},"7":{"loc":{"start":{"line":69,"column":6},"end":{"line":78,"column":7}},"type":"if","locations":[{"start":{"line":69,"column":6},"end":{"line":78,"column":7}},{"start":{"line":71,"column":13},"end":{"line":78,"column":7}}],"line":69},"8":{"loc":{"start":{"line":88,"column":6},"end":{"line":91,"column":7}},"type":"if","locations":[{"start":{"line":88,"column":6},"end":{"line":91,"column":7}},{"start":{},"end":{}}],"line":88},"9":{"loc":{"start":{"line":99,"column":8},"end":{"line":102,"column":9}},"type":"if","locations":[{"start":{"line":99,"column":8},"end":{"line":102,"column":9}},{"start":{},"end":{}}],"line":99},"10":{"loc":{"start":{"line":120,"column":6},"end":{"line":123,"column":7}},"type":"if","locations":[{"start":{"line":120,"column":6},"end":{"line":123,"column":7}},{"start":{},"end":{}}],"line":120}},"s":{"0":2,"1":2,"2":2,"3":2,"4":2,"5":2,"6":2,"7":4,"8":2,"9":4,"10":4,"11":4,"12":4,"13":0,"14":0,"15":4,"16":0,"17":4,"18":4,"19":0,"20":0,"21":4,"22":2,"23":2,"24":2,"25":0,"26":0,"27":0,"28":0,"29":0,"30":0,"31":0,"32":0,"33":0,"34":0,"35":1,"36":1,"37":1,"38":0,"39":0,"40":1,"41":1,"42":1,"43":0,"44":0,"45":1,"46":1,"47":1,"48":1,"49":1,"50":0,"51":0,"52":1},"f":{"0":4,"1":4,"2":4,"3":4,"4":4,"5":0,"6":0,"7":0,"8":1,"9":1,"10":1,"11":1,"12":1,"13":1,"14":1},"b":{"0":[2,2],"1":[4,4],"2":[0,4],"3":[0,4],"4":[0,4],"5":[2,2],"6":[0,0],"7":[0,0],"8":[0,1],"9":[0,1],"10":[0,1]},"inputSourceMap":null,"_coverageSchema":"1a1c01bbd47fc00a2c39e90264f33305004495a9","hash":"02ace4d91f1eaec16b9d84dc3d72330f0efa74da"}
,"/home/antonino/SoftEng2/Solidarity-Purchasing-Group/server/src/vtc.js": {"path":"/home/antonino/SoftEng2/Solidarity-Purchasing-Group/server/src/vtc.js","statementMap":{"0":{"start":{"line":3,"column":0},"end":{"line":5,"column":3}},"1":{"start":{"line":6,"column":0},"end":{"line":6,"column":25}},"2":{"start":{"line":8,"column":13},"end":{"line":8,"column":53}},"3":{"start":{"line":10,"column":39},"end":{"line":10,"column":93}},"4":{"start":{"line":13,"column":17},"end":{"line":13,"column":21}},"5":{"start":{"line":14,"column":14},"end":{"line":14,"column":92}},"6":{"start":{"line":24,"column":4},"end":{"line":24,"column":50}},"7":{"start":{"line":34,"column":4},"end":{"line":34,"column":43}},"8":{"start":{"line":44,"column":15},"end":{"line":44,"column":38}},"9":{"start":{"line":45,"column":4},"end":{"line":45,"column":30}},"10":{"start":{"line":56,"column":4},"end":{"line":56,"column":65}},"11":{"start":{"line":57,"column":4},"end":{"line":57,"column":29}},"12":{"start":{"line":62,"column":15},"end":{"line":62,"column":18}},"13":{"start":{"line":63,"column":0},"end":{"line":63,"column":27}}},"fnMap":{"0":{"name":"_interopRequireDefault","decl":{"start":{"line":10,"column":9},"end":{"line":10,"column":31}},"loc":{"start":{"line":10,"column":37},"end":{"line":10,"column":95}},"line":10},"1":{"name":"(anonymous_1)","decl":{"start":{"line":23,"column":2},"end":{"line":23,"column":3}},"loc":{"start":{"line":23,"column":59},"end":{"line":25,"column":3}},"line":23},"2":{"name":"(anonymous_2)","decl":{"start":{"line":33,"column":2},"end":{"line":33,"column":3}},"loc":{"start":{"line":33,"column":9},"end":{"line":35,"column":3}},"line":33},"3":{"name":"(anonymous_3)","decl":{"start":{"line":43,"column":2},"end":{"line":43,"column":3}},"loc":{"start":{"line":43,"column":8},"end":{"line":46,"column":3}},"line":43},"4":{"name":"(anonymous_4)","decl":{"start":{"line":55,"column":2},"end":{"line":55,"column":3}},"loc":{"start":{"line":55,"column":12},"end":{"line":58,"column":3}},"line":55}},"branchMap":{"0":{"loc":{"start":{"line":10,"column":46},"end":{"line":10,"column":92}},"type":"cond-expr","locations":[{"start":{"line":10,"column":70},"end":{"line":10,"column":73}},{"start":{"line":10,"column":76},"end":{"line":10,"column":92}}],"line":10},"1":{"loc":{"start":{"line":10,"column":46},"end":{"line":10,"column":67}},"type":"binary-expr","locations":[{"start":{"line":10,"column":46},"end":{"line":10,"column":49}},{"start":{"line":10,"column":53},"end":{"line":10,"column":67}}],"line":10},"2":{"loc":{"start":{"line":23,"column":14},"end":{"line":23,"column":57}},"type":"default-arg","locations":[{"start":{"line":23,"column":21},"end":{"line":23,"column":57}}],"line":23}},"s":{"0":2,"1":2,"2":2,"3":2,"4":2,"5":2,"6":2,"7":2,"8":2,"9":2,"10":1,"11":1,"12":2,"13":2},"f":{"0":2,"1":2,"2":2,"3":2,"4":1},"b":{"0":[0,2],"1":[2,2],"2":[2]},"inputSourceMap":null,"_coverageSchema":"1a1c01bbd47fc00a2c39e90264f33305004495a9","hash":"20b5911789333260de350c0866d3ea46e2329871"}
}
