TN:
SF:src/app.js
FN:28,_interopRequireDefault
FN:41,(anonymous_1)
FN:42,(anonymous_2)
FN:47,(anonymous_3)
FN:56,(anonymous_4)
FN:61,(anonymous_5)
FN:62,(anonymous_6)
FN:64,(anonymous_7)
FN:70,(anonymous_8)
FN:82,(anonymous_9)
FN:107,(anonymous_10)
FN:116,(anonymous_11)
FN:130,(anonymous_12)
FN:154,(anonymous_13)
FN:155,(anonymous_14)
FN:155,(anonymous_15)
FN:158,(anonymous_16)
FN:159,(anonymous_17)
FN:159,(anonymous_18)
FN:172,(anonymous_19)
FN:195,(anonymous_20)
FN:205,(anonymous_21)
FN:214,(anonymous_22)
FN:214,(anonymous_23)
FN:218,(anonymous_24)
FN:220,(anonymous_25)
FN:222,(anonymous_26)
FN:226,(anonymous_27)
FN:229,(anonymous_28)
FN:240,(anonymous_29)
FN:248,(anonymous_30)
FN:253,(anonymous_31)
FN:268,(anonymous_32)
FN:282,(anonymous_33)
FN:284,(anonymous_34)
FNF:35
FNH:23
FNDA:14,_interopRequireDefault
FNDA:4,(anonymous_1)
FNDA:2,(anonymous_2)
FNDA:2,(anonymous_3)
FNDA:2,(anonymous_4)
FNDA:0,(anonymous_5)
FNDA:0,(anonymous_6)
FNDA:0,(anonymous_7)
FNDA:0,(anonymous_8)
FNDA:0,(anonymous_9)
FNDA:1,(anonymous_10)
FNDA:1,(anonymous_11)
FNDA:2,(anonymous_12)
FNDA:2,(anonymous_13)
FNDA:2,(anonymous_14)
FNDA:0,(anonymous_15)
FNDA:2,(anonymous_16)
FNDA:2,(anonymous_17)
FNDA:0,(anonymous_18)
FNDA:3,(anonymous_19)
FNDA:1,(anonymous_20)
FNDA:1,(anonymous_21)
FNDA:1,(anonymous_22)
FNDA:0,(anonymous_23)
FNDA:0,(anonymous_24)
FNDA:0,(anonymous_25)
FNDA:0,(anonymous_26)
FNDA:4,(anonymous_27)
FNDA:4,(anonymous_28)
FNDA:2,(anonymous_29)
FNDA:2,(anonymous_30)
FNDA:1,(anonymous_31)
FNDA:1,(anonymous_32)
FNDA:1,(anonymous_33)
FNDA:0,(anonymous_34)
DA:3,2
DA:6,2
DA:8,2
DA:10,2
DA:12,2
DA:14,2
DA:16,2
DA:18,2
DA:20,2
DA:22,2
DA:24,2
DA:26,2
DA:28,14
DA:31,2
DA:38,2
DA:42,4
DA:43,2
DA:46,2
DA:48,2
DA:56,2
DA:57,2
DA:61,2
DA:62,0
DA:63,0
DA:65,0
DA:70,2
DA:71,0
DA:72,0
DA:80,2
DA:82,2
DA:90,0
DA:93,2
DA:94,2
DA:96,2
DA:103,2
DA:104,2
DA:107,2
DA:108,1
DA:116,2
DA:117,1
DA:130,2
DA:131,2
DA:133,2
DA:134,1
DA:139,1
DA:141,1
DA:142,1
DA:143,1
DA:148,0
DA:154,2
DA:155,2
DA:158,2
DA:159,2
DA:170,2
DA:173,3
DA:175,3
DA:176,2
DA:184,1
DA:186,1
DA:187,1
DA:188,1
DA:190,0
DA:195,2
DA:198,1
DA:199,1
DA:200,0
DA:204,1
DA:206,1
DA:208,1
DA:209,0
DA:214,1
DA:218,2
DA:219,0
DA:220,0
DA:221,0
DA:222,0
DA:226,2
DA:227,4
DA:230,4
DA:231,0
DA:234,4
DA:236,2
DA:240,2
DA:241,2
DA:243,2
DA:248,2
DA:249,2
DA:250,2
DA:253,2
DA:254,1
DA:255,0
DA:256,1
DA:262,2
DA:269,1
DA:271,1
DA:272,0
DA:277,1
DA:282,1
DA:283,1
DA:284,0
DA:289,2
DA:290,2
LF:102
LH:84
BRDA:28,0,0,2
BRDA:28,0,1,12
BRDA:28,1,0,14
BRDA:28,1,1,14
BRDA:43,2,0,0
BRDA:43,2,1,2
BRDA:71,3,0,0
BRDA:71,3,1,0
BRDA:133,4,0,1
BRDA:133,4,1,1
BRDA:175,5,0,2
BRDA:175,5,1,1
BRDA:199,6,0,0
BRDA:199,6,1,1
BRDA:199,7,0,1
BRDA:199,7,1,1
BRDA:199,7,2,1
BRDA:208,8,0,0
BRDA:208,8,1,1
BRDA:230,9,0,0
BRDA:230,9,1,4
BRDA:234,10,0,2
BRDA:234,10,1,2
BRDA:241,11,0,0
BRDA:241,11,1,2
BRDA:254,12,0,0
BRDA:254,12,1,1
BRDA:271,13,0,0
BRDA:271,13,1,1
BRF:29
BRH:20
end_of_record
TN:
SF:src/dao.js
FN:16,_interopRequireDefault
FN:18,listProducts
FN:19,(anonymous_2)
FN:25,(anonymous_3)
FN:31,(anonymous_4)
FN:45,listClients
FN:46,(anonymous_6)
FN:50,(anonymous_7)
FN:56,(anonymous_8)
FN:77,updateClientBalance
FN:78,(anonymous_10)
FN:81,(anonymous_11)
FN:87,insertOrder
FN:88,(anonymous_13)
FN:91,(anonymous_14)
FN:99,(anonymous_15)
FN:102,(anonymous_16)
FN:110,(anonymous_17)
FN:127,insertClient
FN:128,(anonymous_19)
FN:133,(anonymous_20)
FN:136,(anonymous_21)
FN:143,(anonymous_22)
FN:146,(anonymous_23)
FNF:24
FNH:17
FNDA:4,_interopRequireDefault
FNDA:2,listProducts
FNDA:2,(anonymous_2)
FNDA:2,(anonymous_3)
FNDA:100,(anonymous_4)
FNDA:2,listClients
FNDA:2,(anonymous_6)
FNDA:2,(anonymous_7)
FNDA:0,(anonymous_8)
FNDA:1,updateClientBalance
FNDA:1,(anonymous_10)
FNDA:1,(anonymous_11)
FNDA:1,insertOrder
FNDA:1,(anonymous_13)
FNDA:1,(anonymous_14)
FNDA:1,(anonymous_15)
FNDA:1,(anonymous_16)
FNDA:1,(anonymous_17)
FNDA:0,insertClient
FNDA:0,(anonymous_19)
FNDA:0,(anonymous_20)
FNDA:0,(anonymous_21)
FNDA:0,(anonymous_22)
FNDA:0,(anonymous_23)
DA:3,2
DA:6,2
DA:7,2
DA:8,2
DA:9,2
DA:10,2
DA:12,2
DA:14,2
DA:16,4
DA:19,2
DA:20,2
DA:25,2
DA:26,2
DA:27,0
DA:28,0
DA:31,100
DA:40,2
DA:46,2
DA:47,2
DA:50,2
DA:51,2
DA:52,0
DA:53,0
DA:56,2
DA:65,2
DA:78,1
DA:79,1
DA:81,1
DA:82,1
DA:88,1
DA:89,1
DA:91,1
DA:92,1
DA:94,1
DA:95,0
DA:96,0
DA:99,1
DA:100,1
DA:102,1
DA:103,1
DA:104,0
DA:105,0
DA:108,1
DA:110,1
DA:111,1
DA:112,0
DA:113,0
DA:116,1
DA:118,1
DA:128,0
DA:129,0
DA:130,0
DA:133,0
DA:134,0
DA:136,0
DA:137,0
DA:138,0
DA:141,0
DA:143,0
DA:144,0
DA:146,0
DA:147,0
DA:148,0
DA:153,0
LF:64
LH:39
BRDA:16,0,0,2
BRDA:16,0,1,2
BRDA:16,1,0,4
BRDA:16,1,1,4
BRDA:26,2,0,0
BRDA:26,2,1,2
BRDA:51,3,0,0
BRDA:51,3,1,2
BRDA:82,4,0,0
BRDA:82,4,1,1
BRDA:94,5,0,0
BRDA:94,5,1,1
BRDA:103,6,0,0
BRDA:103,6,1,1
BRDA:111,7,0,0
BRDA:111,7,1,1
BRDA:116,8,0,1
BRDA:116,8,1,0
BRDA:127,9,0,0
BRDA:127,10,0,0
BRDA:137,11,0,0
BRDA:137,11,1,0
BRDA:147,12,0,0
BRDA:147,12,1,0
BRF:24
BRH:11
end_of_record
TN:
SF:src/db.js
FN:10,_interopRequireDefault
FN:13,(anonymous_1)
FNF:2
FNH:2
FNDA:2,_interopRequireDefault
FNDA:2,(anonymous_1)
DA:3,2
DA:6,2
DA:8,2
DA:10,2
DA:13,2
DA:14,2
DA:16,2
DA:17,2
LF:8
LH:8
BRDA:10,0,0,0
BRDA:10,0,1,2
BRDA:10,1,0,2
BRDA:10,1,1,2
BRDA:14,2,0,0
BRDA:14,2,1,2
BRF:6
BRH:4
end_of_record
TN:
SF:src/user-dao.js
FN:15,_interopRequireDefault
FN:19,getUser
FN:20,(anonymous_2)
FN:23,(anonymous_3)
FN:34,(anonymous_4)
FN:59,getUserById
FN:60,(anonymous_6)
FN:63,(anonymous_7)
FN:85,test_createUser
FN:86,(anonymous_9)
FN:87,(anonymous_10)
FN:98,(anonymous_11)
FN:113,test_removeUser
FN:114,(anonymous_13)
FN:119,(anonymous_14)
FNF:15
FNH:12
FNDA:4,_interopRequireDefault
FNDA:4,getUser
FNDA:4,(anonymous_2)
FNDA:4,(anonymous_3)
FNDA:4,(anonymous_4)
FNDA:0,getUserById
FNDA:0,(anonymous_6)
FNDA:0,(anonymous_7)
FNDA:1,test_createUser
FNDA:1,(anonymous_9)
FNDA:1,(anonymous_10)
FNDA:1,(anonymous_11)
FNDA:1,test_removeUser
FNDA:1,(anonymous_13)
FNDA:1,(anonymous_14)
DA:3,2
DA:6,2
DA:7,2
DA:8,2
DA:9,2
DA:11,2
DA:13,2
DA:15,4
DA:17,2
DA:20,4
DA:21,4
DA:23,4
DA:24,4
DA:25,0
DA:28,0
DA:31,4
DA:32,0
DA:34,4
DA:35,4
DA:36,0
DA:37,0
DA:40,4
DA:41,2
DA:46,2
DA:48,2
DA:60,0
DA:61,0
DA:63,0
DA:64,0
DA:65,0
DA:66,0
DA:69,0
DA:70,0
DA:72,0
DA:77,0
DA:86,1
DA:87,1
DA:88,1
DA:89,0
DA:90,0
DA:93,1
DA:98,1
DA:99,1
DA:100,0
DA:101,0
DA:104,1
DA:114,1
DA:115,1
DA:119,1
DA:120,1
DA:121,0
DA:122,0
DA:125,1
LF:53
LH:32
BRDA:15,0,0,2
BRDA:15,0,1,2
BRDA:15,1,0,4
BRDA:15,1,1,4
BRDA:24,2,0,0
BRDA:24,2,1,4
BRDA:31,3,0,0
BRDA:31,3,1,4
BRDA:35,4,0,0
BRDA:35,4,1,4
BRDA:40,5,0,2
BRDA:40,5,1,2
BRDA:64,6,0,0
BRDA:64,6,1,0
BRDA:69,7,0,0
BRDA:69,7,1,0
BRDA:88,8,0,0
BRDA:88,8,1,1
BRDA:99,9,0,0
BRDA:99,9,1,1
BRDA:120,10,0,0
BRDA:120,10,1,1
BRF:22
BRH:12
end_of_record
TN:
SF:src/vtc.js
FN:10,_interopRequireDefault
FN:23,(anonymous_1)
FN:33,(anonymous_2)
FN:43,(anonymous_3)
FN:55,(anonymous_4)
FNF:5
FNH:5
FNDA:2,_interopRequireDefault
FNDA:2,(anonymous_1)
FNDA:2,(anonymous_2)
FNDA:2,(anonymous_3)
FNDA:1,(anonymous_4)
DA:3,2
DA:6,2
DA:8,2
DA:10,2
DA:13,2
DA:14,2
DA:24,2
DA:34,2
DA:44,2
DA:45,2
DA:56,1
DA:57,1
DA:62,2
DA:63,2
LF:14
LH:14
BRDA:10,0,0,0
BRDA:10,0,1,2
BRDA:10,1,0,2
BRDA:10,1,1,2
BRDA:23,2,0,2
BRF:5
BRH:4
end_of_record
